No link provided
google.com
google.com
google.comdasdas
google.comdasdas  /?url=google.comdasdas
url=https://www.cycletrader.com/listing/2020-Suzuki-RM-Z450-5013075481  /?url=url=https://www.cycletrader.com/listing/2020-Suzuki-RM-Z450-5013075481
No link provided
No link provided
No link provided
No link provided/favicon.ico
No link provided/favicon.ico
No link provided  /url=https://google.com
No link provided  /url=https://google.com
No link provided  /url=https://google.com
No link provided  /favicon.ico
https://www.cycletrader.com/listing/2019-Ducati-959-Panigale-Corse-5015296874  /?url=https%3A%2F%2Fwww.cycletrader.com%2Flisting%2F2019-Ducati-959-Panigale-Corse-5015296874
No link provided  /favicon.ico
No link provided  /favicon.ico
No link provided  /favicon.ico
No link provided  /favicon.ico
No link provided  /favicon.ico
No link provided  /favicon.ico
No link provided  /favicon.ico
No link provided  /favicon.ico
No link provided  /favicon.ico
No link provided  /favicon.ico
No link provided  /favicon.ico
No link provided  /favicon.ico
No link provided  /favicon.ico
No link provided  /favicon.ico
No link provided  /favicon.ico
No link provided  /favicon.ico
No link provided  /favicon.ico
No link provided  /favicon.ico
No link provided  /favicon.ico
No link provided  /favicon.ico
https://ifconfig.me/ip  /?url=https://ifconfig.me/ip&proxy=312312541421
No link provided  /favicon.ico
No link provided  /favicon.ico
No link provided  /favicon.ico
No link provided  /favicon.ico
No link provided  /favicon.ico
No link provided  /favicon.ico
https://ifconfig.me/ip  /?url=https://ifconfig.me/ip&proxy=191.101.39.27
https://ifconfig.me/ip  /?url=https://ifconfig.me/ip&proxy=191.101.39.27
https://ifconfig.me/ip  /?url=https://ifconfig.me/ip&proxy=128.199.202.122
No link provided  /favicon.ico
No link provided  /favicon.ico
https://ifconfig.me/ip  /?url=https://ifconfig.me/ip&proxy=176.9.75.42
No link provided  /favicon.ico
No link provided  /favicon.ico
https://ifconfig.me/ip  /?url=https%3A%2F%2Fifconfig.me%2Fip&proxy=168.232.189.243
https://ifconfig.me/ip  /?url=https%3A%2F%2Fifconfig.me%2Fip&proxy=168.232.189.243
https://ifconfig.me/ip  /?url=https%3A%2F%2Fifconfig.me%2Fip&proxy=101.109.245.200
https://ifconfig.me/ip  /?url=https%3A%2F%2Fifconfig.me%2Fip&proxy=178.254.138.82
https://ifconfig.me/ip  /?url=https%3A%2F%2Fifconfig.me%2Fip&proxy=168.232.189.243
https://ifconfig.me/ip  /?url=https%3A%2F%2Fifconfig.me%2Fip&proxy=178.254.138.82
https://ifconfig.me/ip  /?url=https%3A%2F%2Fifconfig.me%2Fip&proxy=168.232.189.243
https://ifconfig.me/ip  /?url=https%3A%2F%2Fifconfig.me%2Fip&proxy=178.254.138.82
https://ifconfig.me/ip  /?url=https%3A%2F%2Fifconfig.me%2Fip&proxy=178.254.138.82
https://ifconfig.me/ip  /?url=https%3A%2F%2Fifconfig.me%2Fip&proxy=101.109.245.200
https://ifconfig.me/ip  /?url=https%3A%2F%2Fifconfig.me%2Fip&proxy=168.232.189.243
https://ifconfig.me/ip  /?url=https%3A%2F%2Fifconfig.me%2Fip&proxy=168.232.189.243
https://ifconfig.me/ip  /?url=https%3A%2F%2Fifconfig.me%2Fip&proxy=178.254.138.82
No link provided  /favicon.ico
No link provided  /favicon.ico
https://ifconfig.me/ip  /?proxy=51.178.220.22&url=https%3A%2F%2Fifconfig.me%2Fip
No link provided  /favicon.ico
https://www.cycletrader.com/motorcycles-for-sale  /?proxy=37.235.97.12%3A3128&url=https%3A%2F%2Fwww.cycletrader.com%2Fmotorcycles-for-sale
https://www.cycletrader.com/motorcycles-for-sale  /?proxy=37.235.97.12%3A3128&url=https%3A%2F%2Fwww.cycletrader.com%2Fmotorcycles-for-sale
No link provided  /cdn-cgi/styles/cf.errors.css
No link provided  /cdn-cgi/challenge-platform/h/g/orchestrate/captcha/v1
No link provided  /cdn-cgi/images/trace/captcha/js/transparent.gif?ray=62dcb6da9eedf40b
No link provided  /cdn-cgi/challenge-platform/h/g/orchestrate/captcha/v1
No link provided  /cdn-cgi/images/trace/captcha/nojs/h/transparent.gif?ray=62dcb6da9eedf40b
No link provided  /favicon.ico
No link provided  /cdn-cgi/styles/cf.errors.css
No link provided  /cdn-cgi/challenge-platform/h/g/orchestrate/captcha/v1
No link provided  /cdn-cgi/images/trace/captcha/js/transparent.gif?ray=62dcb776199140de
No link provided  /cdn-cgi/challenge-platform/h/g/orchestrate/captcha/v1
No link provided  /cdn-cgi/images/trace/captcha/nojs/h/transparent.gif?ray=62dcb776199140de
No link provided  /favicon.ico
No link provided  /cdn-cgi/styles/cf.errors.css
No link provided  /cdn-cgi/challenge-platform/h/g/orchestrate/captcha/v1
No link provided  /cdn-cgi/images/trace/captcha/js/transparent.gif?ray=62dcbc24eccb0686
No link provided  /cdn-cgi/challenge-platform/h/g/orchestrate/captcha/v1
No link provided  /cdn-cgi/images/trace/captcha/nojs/h/transparent.gif?ray=62dcbc24eccb0686
No link provided  /favicon.ico
No link provided  /cdn-cgi/styles/cf.errors.css
No link provided  /cdn-cgi/challenge-platform/h/g/orchestrate/captcha/v1
No link provided  /cdn-cgi/images/trace/captcha/js/transparent.gif?ray=62dcbd506c30e69c
No link provided  /cdn-cgi/challenge-platform/h/g/orchestrate/captcha/v1
No link provided  /cdn-cgi/images/trace/captcha/nojs/h/transparent.gif?ray=62dcbd506c30e69c
No link provided  /favicon.ico
No link provided  /cdn-cgi/styles/cf.errors.css
No link provided  /cdn-cgi/challenge-platform/h/g/orchestrate/captcha/v1
No link provided  /cdn-cgi/images/trace/captcha/js/transparent.gif?ray=62dcbe265ce90682
No link provided  /cdn-cgi/challenge-platform/h/g/orchestrate/captcha/v1
No link provided  /cdn-cgi/images/trace/captcha/nojs/h/transparent.gif?ray=62dcbe265ce90682
No link provided  /favicon.ico
No link provided  /favicon.ico
No link provided  /favicon.ico
No link provided  /favicon.ico
No link provided  /favicon.ico
No link provided  /cdn-cgi/styles/cf.errors.css
No link provided  /cdn-cgi/challenge-platform/h/g/orchestrate/captcha/v1
No link provided  /cdn-cgi/images/trace/captcha/js/transparent.gif?ray=62dcc416eb6edbfb
No link provided  /cdn-cgi/challenge-platform/h/g/orchestrate/captcha/v1
No link provided  /cdn-cgi/images/trace/captcha/nojs/h/transparent.gif?ray=62dcc416eb6edbfb
No link provided  /favicon.ico
No link provided  /css/all.css?14f6cf21beba0daa6b44b799d325bf3a
No link provided  /css/components/header.css?09d876cef726702178cba684d6bff83f
No link provided  /css/components/footer.css?8efc31b76c029951e05f81529755b800
No link provided  /javascript/all.js?97c6293a9d5fc91a4999e8395a3e91c1
No link provided  /vue/wc.min.js?df3fe7f7c1bf68384829e228edf7b941
No link provided  /javascript/googleadsinit.js
No link provided  /cdn-cgi/bm/cv/669835187/api.js
No link provided  /favicon.ico
No link provided  /javascript/manifest.json
No link provided  /favicon.ico
No link provided  /favicon.ico
No link provided  /favicon.ico
https://www.cycletrader.com/motorcycles-for-sale  /?url=https%3A%2F%2Fwww.cycletrader.com%2Fmotorcycles-for-sale&proxy=213.166.78.242%3A8085
No link provided  /
No link provided  /cdn-cgi/styles/main.css
No link provided  /cdn-cgi/bm/cv/669835187/api.js
No link provided  /favicon.ico
No link provided  /cdn-cgi/styles/main.css
No link provided  /cdn-cgi/bm/cv/669835187/api.js
No link provided  /favicon.ico
No link provided  /css/all.css?14f6cf21beba0daa6b44b799d325bf3a
No link provided  /css/components/header.css?09d876cef726702178cba684d6bff83f
No link provided  /css/components/footer.css?8efc31b76c029951e05f81529755b800
No link provided  /javascript/all.js?97c6293a9d5fc91a4999e8395a3e91c1
No link provided  /vue/wc.min.js?df3fe7f7c1bf68384829e228edf7b941
No link provided  /javascript/googleadsinit.js
No link provided  /cdn-cgi/bm/cv/669835187/api.js
No link provided  /favicon.ico
